 git log --oneline  
2af14eb (HEAD -> master, origin/master) 前后端联调完成正常运行
7051a4c fix
f73b0ea 调通前后端问题2
e0191f6 调通前后端问题1
a43f57f 解决报错1
159c52d 解决报错
a59cad4 构建运行
4bb3d32 v1
1       1       config/datart.conf
2       2       config/profiles/application-config.yml
78      0       core/src/main/java/datart/core/entity/BaseQueryParam.java
190     0       core/src/main/java/datart/core/entity/DataLineage.java
187     0       core/src/main/java/datart/core/entity/DataModel.java
153     0       core/src/main/java/datart/core/entity/DimensionDefinition.java
173     0       core/src/main/java/datart/core/entity/DimensionTable.java
289     0       core/src/main/java/datart/core/entity/EtlTask.java
189     0       core/src/main/java/datart/core/entity/EtlTaskExecution.java
213     0       core/src/main/java/datart/core/entity/FactTable.java
1       1       config/datart.conf
2       2       config/profiles/application-config.yml
78      0       core/src/main/java/datart/core/entity/BaseQueryParam.java
190     0       core/src/main/java/datart/core/entity/DataLineage.java
187     0       core/src/main/java/datart/core/entity/DataModel.java
153     0       core/src/main/java/datart/core/entity/DimensionDefinition.java
173     0       core/src/main/java/datart/core/entity/DimensionTable.java
289     0       core/src/main/java/datart/core/entity/EtlTask.java
189     0       core/src/main/java/datart/core/entity/EtlTaskExecution.java
213     0       core/src/main/java/datart/core/entity/FactTable.java
225     0       core/src/main/java/datart/core/entity/ImportExportQueryParam.java
1       1       config/datart.conf
2       2       config/profiles/application-config.yml
78      0       core/src/main/java/datart/core/entity/BaseQueryParam.java
190     0       core/src/main/java/datart/core/entity/DataLineage.java
187     0       core/src/main/java/datart/core/entity/DataModel.java
153     0       core/src/main/java/datart/core/entity/DimensionDefinition.java
173     0       core/src/main/java/datart/core/entity/DimensionTable.java
289     0       core/src/main/java/datart/core/entity/EtlTask.java
189     0       core/src/main/java/datart/core/entity/EtlTaskExecution.java
213     0       core/src/main/java/datart/core/entity/FactTable.java
225     0       core/src/main/java/datart/core/entity/ImportExportQueryParam.java
404     0       core/src/main/java/datart/core/entity/ImportExportTask.java
1       1       config/datart.conf
2       2       config/profiles/application-config.yml
78      0       core/src/main/java/datart/core/entity/BaseQueryParam.java
190     0       core/src/main/java/datart/core/entity/DataLineage.java
187     0       core/src/main/java/datart/core/entity/DataModel.java
153     0       core/src/main/java/datart/core/entity/DimensionDefinition.java
173     0       core/src/main/java/datart/core/entity/DimensionTable.java
289     0       core/src/main/java/datart/core/entity/EtlTask.java
189     0       core/src/main/java/datart/core/entity/EtlTaskExecution.java
213     0       core/src/main/java/datart/core/entity/FactTable.java
225     0       core/src/main/java/datart/core/entity/ImportExportQueryParam.java
404     0       core/src/main/java/datart/core/entity/ImportExportTask.java
77      0       core/src/main/java/datart/core/entity/ImportExportTemplate.java
1       1       config/datart.conf
2       2       config/profiles/application-config.yml
78      0       core/src/main/java/datart/core/entity/BaseQueryParam.java
190     0       core/src/main/java/datart/core/entity/DataLineage.java
187     0       core/src/main/java/datart/core/entity/DataModel.java
153     0       core/src/main/java/datart/core/entity/DimensionDefinition.java
173     0       core/src/main/java/datart/core/entity/DimensionTable.java
289     0       core/src/main/java/datart/core/entity/EtlTask.java
189     0       core/src/main/java/datart/core/entity/EtlTaskExecution.java
213     0       core/src/main/java/datart/core/entity/FactTable.java
225     0       core/src/main/java/datart/core/entity/ImportExportQueryParam.java
404     0       core/src/main/java/datart/core/entity/ImportExportTask.java
77      0       core/src/main/java/datart/core/entity/ImportExportTemplate.java
210     0       core/src/main/java/datart/core/entity/LineageAnalysisTask.java
1       1       config/datart.conf
2       2       config/profiles/application-config.yml
78      0       core/src/main/java/datart/core/entity/BaseQueryParam.java
190     0       core/src/main/java/datart/core/entity/DataLineage.java
187     0       core/src/main/java/datart/core/entity/DataModel.java
153     0       core/src/main/java/datart/core/entity/DimensionDefinition.java
173     0       core/src/main/java/datart/core/entity/DimensionTable.java
289     0       core/src/main/java/datart/core/entity/EtlTask.java
189     0       core/src/main/java/datart/core/entity/EtlTaskExecution.java
213     0       core/src/main/java/datart/core/entity/FactTable.java
225     0       core/src/main/java/datart/core/entity/ImportExportQueryParam.java
404     0       core/src/main/java/datart/core/entity/ImportExportTask.java
77      0       core/src/main/java/datart/core/entity/ImportExportTemplate.java
210     0       core/src/main/java/datart/core/entity/LineageAnalysisTask.java
164     0       core/src/main/java/datart/core/entity/MetricConfiguration.java
1       1       config/datart.conf
2       2       config/profiles/application-config.yml
78      0       core/src/main/java/datart/core/entity/BaseQueryParam.java
190     0       core/src/main/java/datart/core/entity/DataLineage.java
187     0       core/src/main/java/datart/core/entity/DataModel.java
153     0       core/src/main/java/datart/core/entity/DimensionDefinition.java
173     0       core/src/main/java/datart/core/entity/DimensionTable.java
289     0       core/src/main/java/datart/core/entity/EtlTask.java
189     0       core/src/main/java/datart/core/entity/EtlTaskExecution.java
213     0       core/src/main/java/datart/core/entity/FactTable.java
225     0       core/src/main/java/datart/core/entity/ImportExportQueryParam.java
404     0       core/src/main/java/datart/core/entity/ImportExportTask.java
77      0       core/src/main/java/datart/core/entity/ImportExportTemplate.java
210     0       core/src/main/java/datart/core/entity/LineageAnalysisTask.java
164     0       core/src/main/java/datart/core/entity/MetricConfiguration.java
96      0       core/src/main/java/datart/core/entity/MetricDefinition.java
1       1       config/datart.conf
2       2       config/profiles/application-config.yml
78      0       core/src/main/java/datart/core/entity/BaseQueryParam.java
190     0       core/src/main/java/datart/core/entity/DataLineage.java
187     0       core/src/main/java/datart/core/entity/DataModel.java
153     0       core/src/main/java/datart/core/entity/DimensionDefinition.java
173     0       core/src/main/java/datart/core/entity/DimensionTable.java
289     0       core/src/main/java/datart/core/entity/EtlTask.java
189     0       core/src/main/java/datart/core/entity/EtlTaskExecution.java
213     0       core/src/main/java/datart/core/entity/FactTable.java
225     0       core/src/main/java/datart/core/entity/ImportExportQueryParam.java
404     0       core/src/main/java/datart/core/entity/ImportExportTask.java
77      0       core/src/main/java/datart/core/entity/ImportExportTemplate.java
210     0       core/src/main/java/datart/core/entity/LineageAnalysisTask.java
164     0       core/src/main/java/datart/core/entity/MetricConfiguration.java
96      0       core/src/main/java/datart/core/entity/MetricDefinition.java
56      0       core/src/main/java/datart/core/entity/MetricModel.java
:...skipping...
1       1       config/datart.conf
2       2       config/profiles/application-config.yml
78      0       core/src/main/java/datart/core/entity/BaseQueryParam.java
190     0       core/src/main/java/datart/core/entity/DataLineage.java
187     0       core/src/main/java/datart/core/entity/DataModel.java
153     0       core/src/main/java/datart/core/entity/DimensionDefinition.java
173     0       core/src/main/java/datart/core/entity/DimensionTable.java
289     0       core/src/main/java/datart/core/entity/EtlTask.java
189     0       core/src/main/java/datart/core/entity/EtlTaskExecution.java
213     0       core/src/main/java/datart/core/entity/FactTable.java
225     0       core/src/main/java/datart/core/entity/ImportExportQueryParam.java
404     0       core/src/main/java/datart/core/entity/ImportExportTask.java
77      0       core/src/main/java/datart/core/entity/ImportExportTemplate.java
210     0       core/src/main/java/datart/core/entity/LineageAnalysisTask.java
164     0       core/src/main/java/datart/core/entity/MetricConfiguration.java
96      0       core/src/main/java/datart/core/entity/MetricDefinition.java
56      0       core/src/main/java/datart/core/entity/MetricModel.java
348     0       core/src/main/java/datart/core/entity/MetricPermission.java
1       1       config/datart.conf
2       2       config/profiles/application-config.yml
78      0       core/src/main/java/datart/core/entity/BaseQueryParam.java
190     0       core/src/main/java/datart/core/entity/DataLineage.java
187     0       core/src/main/java/datart/core/entity/DataModel.java
153     0       core/src/main/java/datart/core/entity/DimensionDefinition.java
173     0       core/src/main/java/datart/core/entity/DimensionTable.java
289     0       core/src/main/java/datart/core/entity/EtlTask.java
189     0       core/src/main/java/datart/core/entity/EtlTaskExecution.java
213     0       core/src/main/java/datart/core/entity/FactTable.java
225     0       core/src/main/java/datart/core/entity/ImportExportQueryParam.java
404     0       core/src/main/java/datart/core/entity/ImportExportTask.java
77      0       core/src/main/java/datart/core/entity/ImportExportTemplate.java
210     0       core/src/main/java/datart/core/entity/LineageAnalysisTask.java
164     0       core/src/main/java/datart/core/entity/MetricConfiguration.java
96      0       core/src/main/java/datart/core/entity/MetricDefinition.java
56      0       core/src/main/java/datart/core/entity/MetricModel.java
348     0       core/src/main/java/datart/core/entity/MetricPermission.java
167     0       core/src/main/java/datart/core/entity/MetricSearchIndex.java
1       1       config/datart.conf
2       2       config/profiles/application-config.yml
78      0       core/src/main/java/datart/core/entity/BaseQueryParam.java
190     0       core/src/main/java/datart/core/entity/DataLineage.java
187     0       core/src/main/java/datart/core/entity/DataModel.java
153     0       core/src/main/java/datart/core/entity/DimensionDefinition.java
173     0       core/src/main/java/datart/core/entity/DimensionTable.java
289     0       core/src/main/java/datart/core/entity/EtlTask.java
189     0       core/src/main/java/datart/core/entity/EtlTaskExecution.java
213     0       core/src/main/java/datart/core/entity/FactTable.java
225     0       core/src/main/java/datart/core/entity/ImportExportQueryParam.java
404     0       core/src/main/java/datart/core/entity/ImportExportTask.java
77      0       core/src/main/java/datart/core/entity/ImportExportTemplate.java
210     0       core/src/main/java/datart/core/entity/LineageAnalysisTask.java
164     0       core/src/main/java/datart/core/entity/MetricConfiguration.java
96      0       core/src/main/java/datart/core/entity/MetricDefinition.java
56      0       core/src/main/java/datart/core/entity/MetricModel.java
348     0       core/src/main/java/datart/core/entity/MetricPermission.java
167     0       core/src/main/java/datart/core/entity/MetricSearchIndex.java
52      0       core/src/main/java/datart/core/entity/MetricUsage.java
1       1       config/datart.conf
2       2       config/profiles/application-config.yml
78      0       core/src/main/java/datart/core/entity/BaseQueryParam.java
190     0       core/src/main/java/datart/core/entity/DataLineage.java
187     0       core/src/main/java/datart/core/entity/DataModel.java
153     0       core/src/main/java/datart/core/entity/DimensionDefinition.java
173     0       core/src/main/java/datart/core/entity/DimensionTable.java
289     0       core/src/main/java/datart/core/entity/EtlTask.java
189     0       core/src/main/java/datart/core/entity/EtlTaskExecution.java
213     0       core/src/main/java/datart/core/entity/FactTable.java
225     0       core/src/main/java/datart/core/entity/ImportExportQueryParam.java
404     0       core/src/main/java/datart/core/entity/ImportExportTask.java
77      0       core/src/main/java/datart/core/entity/ImportExportTemplate.java
210     0       core/src/main/java/datart/core/entity/LineageAnalysisTask.java
164     0       core/src/main/java/datart/core/entity/MetricConfiguration.java
96      0       core/src/main/java/datart/core/entity/MetricDefinition.java
56      0       core/src/main/java/datart/core/entity/MetricModel.java
348     0       core/src/main/java/datart/core/entity/MetricPermission.java
167     0       core/src/main/java/datart/core/entity/MetricSearchIndex.java
52      0       core/src/main/java/datart/core/entity/MetricUsage.java
242     0       core/src/main/java/datart/core/entity/RolePermission.java
:...skipping...
1       1       config/datart.conf
2       2       config/profiles/application-config.yml
78      0       core/src/main/java/datart/core/entity/BaseQueryParam.java
190     0       core/src/main/java/datart/core/entity/DataLineage.java
187     0       core/src/main/java/datart/core/entity/DataModel.java
153     0       core/src/main/java/datart/core/entity/DimensionDefinition.java
173     0       core/src/main/java/datart/core/entity/DimensionTable.java
289     0       core/src/main/java/datart/core/entity/EtlTask.java
189     0       core/src/main/java/datart/core/entity/EtlTaskExecution.java
213     0       core/src/main/java/datart/core/entity/FactTable.java
225     0       core/src/main/java/datart/core/entity/ImportExportQueryParam.java
404     0       core/src/main/java/datart/core/entity/ImportExportTask.java
77      0       core/src/main/java/datart/core/entity/ImportExportTemplate.java
210     0       core/src/main/java/datart/core/entity/LineageAnalysisTask.java
164     0       core/src/main/java/datart/core/entity/MetricConfiguration.java
96      0       core/src/main/java/datart/core/entity/MetricDefinition.java
56      0       core/src/main/java/datart/core/entity/MetricModel.java
348     0       core/src/main/java/datart/core/entity/MetricPermission.java
167     0       core/src/main/java/datart/core/entity/MetricSearchIndex.java
52      0       core/src/main/java/datart/core/entity/MetricUsage.java
242     0       core/src/main/java/datart/core/entity/RolePermission.java
116     0       core/src/main/java/datart/core/entity/SearchHistory.java
1       1       config/datart.conf
2       2       config/profiles/application-config.yml
78      0       core/src/main/java/datart/core/entity/BaseQueryParam.java
190     0       core/src/main/java/datart/core/entity/DataLineage.java
187     0       core/src/main/java/datart/core/entity/DataModel.java
153     0       core/src/main/java/datart/core/entity/DimensionDefinition.java
173     0       core/src/main/java/datart/core/entity/DimensionTable.java
289     0       core/src/main/java/datart/core/entity/EtlTask.java
189     0       core/src/main/java/datart/core/entity/EtlTaskExecution.java
213     0       core/src/main/java/datart/core/entity/FactTable.java
225     0       core/src/main/java/datart/core/entity/ImportExportQueryParam.java
404     0       core/src/main/java/datart/core/entity/ImportExportTask.java
77      0       core/src/main/java/datart/core/entity/ImportExportTemplate.java
210     0       core/src/main/java/datart/core/entity/LineageAnalysisTask.java
164     0       core/src/main/java/datart/core/entity/MetricConfiguration.java
96      0       core/src/main/java/datart/core/entity/MetricDefinition.java
56      0       core/src/main/java/datart/core/entity/MetricModel.java
348     0       core/src/main/java/datart/core/entity/MetricPermission.java
167     0       core/src/main/java/datart/core/entity/MetricSearchIndex.java
52      0       core/src/main/java/datart/core/entity/MetricUsage.java
242     0       core/src/main/java/datart/core/entity/RolePermission.java
116     0       core/src/main/java/datart/core/entity/SearchHistory.java
257     0       core/src/main/java/datart/core/mappers/DataLineageMapper.java
:...skipping...
1       1       config/datart.conf
2       2       config/profiles/application-config.yml
78      0       core/src/main/java/datart/core/entity/BaseQueryParam.java
190     0       core/src/main/java/datart/core/entity/DataLineage.java
187     0       core/src/main/java/datart/core/entity/DataModel.java
153     0       core/src/main/java/datart/core/entity/DimensionDefinition.java
173     0       core/src/main/java/datart/core/entity/DimensionTable.java
289     0       core/src/main/java/datart/core/entity/EtlTask.java
189     0       core/src/main/java/datart/core/entity/EtlTaskExecution.java
213     0       core/src/main/java/datart/core/entity/FactTable.java
225     0       core/src/main/java/datart/core/entity/ImportExportQueryParam.java
404     0       core/src/main/java/datart/core/entity/ImportExportTask.java
77      0       core/src/main/java/datart/core/entity/ImportExportTemplate.java
210     0       core/src/main/java/datart/core/entity/LineageAnalysisTask.java
164     0       core/src/main/java/datart/core/entity/MetricConfiguration.java
96      0       core/src/main/java/datart/core/entity/MetricDefinition.java
56      0       core/src/main/java/datart/core/entity/MetricModel.java
348     0       core/src/main/java/datart/core/entity/MetricPermission.java
167     0       core/src/main/java/datart/core/entity/MetricSearchIndex.java
52      0       core/src/main/java/datart/core/entity/MetricUsage.java
242     0       core/src/main/java/datart/core/entity/RolePermission.java
116     0       core/src/main/java/datart/core/entity/SearchHistory.java
257     0       core/src/main/java/datart/core/mappers/DataLineageMapper.java
335     0       core/src/main/java/datart/core/mappers/DataLineageSqlProvider.java
148     0       core/src/main/java/datart/core/mappers/DataModelMapper.java
450     0       core/src/main/java/datart/core/mappers/DataModelSqlProvider.java
132     0       core/src/main/java/datart/core/mappers/DimensionDefinitionMapper.java
257     0       core/src/main/java/datart/core/mappers/DimensionDefinitionSqlProvider.java
144     0       core/src/main/java/datart/core/mappers/DimensionTableMapper.java
243     0       core/src/main/java/datart/core/mappers/DimensionTableSqlProvider.java
148     0       core/src/main/java/datart/core/mappers/EtlTaskExecutionMapper.java
275     0       core/src/main/java/datart/core/mappers/EtlTaskExecutionSqlProvider.java
139     0       core/src/main/java/datart/core/mappers/EtlTaskMapper.java
321     0       core/src/main/java/datart/core/mappers/EtlTaskSqlProvider.java
132     0       core/src/main/java/datart/core/mappers/FactTableMapper.java
207     0       core/src/main/java/datart/core/mappers/FactTableSqlProvider.java
256     0       core/src/main/java/datart/core/mappers/ImportExportTaskMapper.java
485     0       core/src/main/java/datart/core/mappers/ImportExportTaskSqlProvider.java
108     0       core/src/main/java/datart/core/mappers/ImportExportTemplateMapper.java
180     0       core/src/main/java/datart/core/mappers/MetricConfigurationMapper.java
288     0       core/src/main/java/datart/core/mappers/MetricConfigurationSqlProvider.java
110     0       core/src/main/java/datart/core/mappers/MetricDefinitionMapper.java
159     0       core/src/main/java/datart/core/mappers/MetricDefinitionSqlProvider.java
97      0       core/src/main/java/datart/core/mappers/MetricModelMapper.java
232     0       core/src/main/java/datart/core/mappers/MetricModelSqlProvider.java
192     0       core/src/main/java/datart/core/mappers/MetricPermissionMapper.java
457     0       core/src/main/java/datart/core/mappers/MetricPermissionSqlProvider.java
193     0       core/src/main/java/datart/core/mappers/MetricSearchIndexMapper.java
269     0       core/src/main/java/datart/core/mappers/MetricSearchIndexSqlProvider.java
87      0       core/src/main/java/datart/core/mappers/MetricUsageMapper.java
95      0       core/src/main/java/datart/core/mappers/MetricUsageSqlProvider.java
152     0       core/src/main/java/datart/core/mappers/RolePermissionMapper.java
336     0       core/src/main/java/datart/core/mappers/RolePermissionSqlProvider.java
165     0       core/src/main/java/datart/core/mappers/SearchHistoryMapper.java
78      0       core/src/main/java/datart/core/mappers/SearchHistorySqlProvider.java
128     0       core/src/main/java/datart/core/mappers/ext/MetricDefinitionMapperExt.java
129     0       core/src/main/java/datart/core/mappers/ext/MetricUsageMapperExt.java
32      9       core/src/main/java/datart/core/migration/Migration.java
37      0       core/src/main/resources/mybatis/mappers/MetricConfigurationMapper.xml
167     0       docs/backend-code-standards-compliance.md
143     0       docs/backend-fixes-summary.md
121     0       docs/compilation-error-fix.md
312     0       docs/database-initialization-analysis.md
565     0       docs/datart-backend-coding-standards.md
168     0       docs/final-backend-verification.md
188     0       docs/final-typescript-fixes.md
198     0       docs/frontend-code-fixes-summary.md
247     0       docs/frontend-code-standards-compliance-final.md
281     0       docs/frontend-code-standards-compliance.md
308     0       docs/metric-management-integration.md
175     0       docs/typescript-compilation-fixes.md
122     0       docs/typescript-errors-fixed.md
213     0       docs/typescript-errors-resolution.md
-       -       frontend/package-lock.json
3       0       frontend/package.json
208     0       frontend/src/app/components/MetricSelector/index.tsx
376     0       frontend/src/app/components/PermissionControl/index.tsx
88      0       frontend/src/app/components/PermissionMenu/index.tsx
264     0       frontend/src/app/pages/ChartWorkbenchPage/components/ChartOperationPanel/components/MetricFieldPanel.tsx
12      0       frontend/src/app/pages/MainPage/Navbar/index.tsx
18      0       frontend/src/app/pages/MainPage/index.tsx
115     0       frontend/src/app/pages/MainPage/pages/MetricPage/MetricDefinitionDetail.tsx
203     0       frontend/src/app/pages/MainPage/pages/MetricPage/MetricDefinitionForm.tsx
307     0       frontend/src/app/pages/MainPage/pages/MetricPage/index.tsx
337     0       frontend/src/app/pages/MetricManagement/ApiTest/index.tsx
480     0       frontend/src/app/pages/MetricManagement/Dashboard/index.tsx
1319    0       frontend/src/app/pages/MetricManagement/DataLineageAnalysis/index.tsx
1252    0       frontend/src/app/pages/MetricManagement/DataModelGeneration/index.tsx
1260    0       frontend/src/app/pages/MetricManagement/DimensionManagement/index.tsx
1139    0       frontend/src/app/pages/MetricManagement/DimensionTableManagement/index.tsx
1599    0       frontend/src/app/pages/MetricManagement/FactTableManagement/index.tsx
678     0       frontend/src/app/pages/MetricManagement/HelpDocumentation/index.tsx
926     0       frontend/src/app/pages/MetricManagement/ImportExportManagement/index.tsx
1031    0       frontend/src/app/pages/MetricManagement/MetricManagement/index.tsx
19      0       frontend/src/app/pages/MetricManagement/MetricManagementWithPermission.tsx
941     0       frontend/src/app/pages/MetricManagement/MetricModelManagement/index.tsx
1225    0       frontend/src/app/pages/MetricManagement/MetricSearch/index.tsx
769     0       frontend/src/app/pages/MetricManagement/PermissionManagement/index.tsx
839     0       frontend/src/app/pages/MetricManagement/SystemSettings/index.tsx
584     0       frontend/src/app/pages/MetricManagement/index.tsx
24      0       frontend/src/app/pages/MetricManagementPage/Loadable.ts
247     0       frontend/src/app/pages/MetricManagementPage/MetricDefinitionDetail.tsx
360     0       frontend/src/app/pages/MetricManagementPage/MetricDefinitionForm.tsx
596     0       frontend/src/app/pages/MetricManagementPage/index.tsx
213     0       frontend/src/app/services/metricDefinitionService.ts
187     0       frontend/src/app/services/metricService.ts
165     0       frontend/src/app/types/MetricDefinition.ts
60      0       frontend/src/app/types/common.ts
112     0       frontend/src/locales/en-US/metric.json
82      22      frontend/src/locales/en/translation.json
112     0       frontend/src/locales/zh-CN/metric.json
68      0       frontend/src/locales/zh/translation.json
0       0       logs/2025-08-04-sql.log
7187    0       logs/2025-08-04.log
0       0       logs/2025-08-05-sql.log
44259   0       logs/2025-08-05.log
0       0       logs/2025-08-07-sql.log
7143    0       logs/2025-08-07.log
0       0       logs/2025-08-08-sql.log
2775    0       logs/2025-08-08.log
76      0       server/src/main/java/datart/server/base/dto/MetricDefinitionCreateParam.java
102     0       server/src/main/java/datart/server/base/dto/MetricDefinitionDto.java
81      0       server/src/main/java/datart/server/base/dto/MetricDefinitionUpdateParam.java
74      0       server/src/main/java/datart/server/base/dto/MetricUsageDto.java
115     0       server/src/main/java/datart/server/base/params/DataLineageCreateParam.java
96      0       server/src/main/java/datart/server/base/params/DataLineageUpdateParam.java
167     0       server/src/main/java/datart/server/base/params/DataModelCreateParam.java
174     0       server/src/main/java/datart/server/base/params/DataModelUpdateParam.java
119     0       server/src/main/java/datart/server/base/params/DimensionDefinitionCreateParam.java
123     0       server/src/main/java/datart/server/base/params/DimensionDefinitionUpdateParam.java
123     0       server/src/main/java/datart/server/base/params/DimensionTableCreateParam.java
118     0       server/src/main/java/datart/server/base/params/DimensionTableUpdateParam.java
124     0       server/src/main/java/datart/server/base/params/EtlTaskCreateParam.java
121     0       server/src/main/java/datart/server/base/params/EtlTaskUpdateParam.java
277     0       server/src/main/java/datart/server/base/params/ExportTaskCreateParam.java
179     0       server/src/main/java/datart/server/base/params/FactTableCreateParam.java
173     0       server/src/main/java/datart/server/base/params/FactTableUpdateParam.java
206     0       server/src/main/java/datart/server/base/params/ImportTaskCreateParam.java
84      0       server/src/main/java/datart/server/base/params/LineageAnalysisParam.java
151     0       server/src/main/java/datart/server/base/params/MetricConfigurationCreateParam.java
156     0       server/src/main/java/datart/server/base/params/MetricConfigurationUpdateParam.java
276     0       server/src/main/java/datart/server/base/params/MetricSearchParam.java
250     0       server/src/main/java/datart/server/base/params/PermissionGrantParam.java
312     0       server/src/main/java/datart/server/base/params/PermissionQueryParam.java
109     0       server/src/main/java/datart/server/config/MetricCacheConfig.java
110     0       server/src/main/java/datart/server/config/RedisConfig.java
263     0       server/src/main/java/datart/server/controller/DataModelController.java
156     0       server/src/main/java/datart/server/controller/DimensionDefinitionController.java
136     0       server/src/main/java/datart/server/controller/DimensionTableController.java
319     0       server/src/main/java/datart/server/controller/FactTableController.java
571     0       server/src/main/java/datart/server/controller/ImportExportController.java
195     0       server/src/main/java/datart/server/controller/MetricConfigurationController.java
169     0       server/src/main/java/datart/server/controller/MetricDefinitionController.java
97      0       server/src/main/java/datart/server/controller/MetricModelController.java
177     0       server/src/main/java/datart/server/service/CacheService.java
221     0       server/src/main/java/datart/server/service/DataLineageService.java
315     0       server/src/main/java/datart/server/service/DataModelService.java
165     0       server/src/main/java/datart/server/service/DimensionDefinitionService.java
139     0       server/src/main/java/datart/server/service/DimensionTableService.java
284     0       server/src/main/java/datart/server/service/EtlTaskService.java
231     0       server/src/main/java/datart/server/service/FactTableService.java
533     0       server/src/main/java/datart/server/service/ImportExportService.java
218     0       server/src/main/java/datart/server/service/MetricConfigurationService.java
140     0       server/src/main/java/datart/server/service/MetricDefinitionService.java
168     0       server/src/main/java/datart/server/service/MetricModelService.java
370     0       server/src/main/java/datart/server/service/MetricPermissionService.java
162     0       server/src/main/java/datart/server/service/MetricSearchService.java
262     0       server/src/main/java/datart/server/service/impl/CacheServiceImpl.java
1460    0       server/src/main/java/datart/server/service/impl/DataModelServiceImpl.java
700     0       server/src/main/java/datart/server/service/impl/DimensionDefinitionServiceImpl.java
462     0       server/src/main/java/datart/server/service/impl/DimensionTableServiceImpl.java
939     0       server/src/main/java/datart/server/service/impl/FactTableServiceImpl.java
478     0       server/src/main/java/datart/server/service/impl/ImportExportServiceImpl.java
238     0       server/src/main/java/datart/server/service/impl/MetricCacheHelper.java
1007    0       server/src/main/java/datart/server/service/impl/MetricConfigurationServiceImpl.java
427     0       server/src/main/java/datart/server/service/impl/MetricDefinitionServiceImpl.java
353     0       server/src/main/java/datart/server/service/impl/MetricModelServiceImpl.java
110     0       server/src/main/resources/application-config.yml
5       5       server/src/main/resources/application-demo.yml
36      7       server/src/main/resources/application.yml
529     0       server/src/main/resources/db/migration/V2024.01.16__metric_management_extension.sql
58      0       server/src/main/resources/db/migration/V2024.01.17__metric_configuration_table.sql
35      0       server/src/main/resources/db/migration/V2024.01.18__import_export_template_table.sql
39      0       server/src/main/resources/db/migration/V2024.01.19__import_export_task_table.sql
220     0       server/src/main/resources/db/migration/V2024.01.20__performance_optimization.sql
251     0       server/src/test/java/datart/server/mapper/DimensionMapperTest.java
(END)
218     0       server/src/main/java/datart/server/service/MetricConfigurationService.java
140     0       server/src/main/java/datart/server/service/MetricDefinitionService.java
168     0       server/src/main/java/datart/server/service/MetricModelService.java
370     0       server/src/main/java/datart/server/service/MetricPermissionService.java
162     0       server/src/main/java/datart/server/service/MetricSearchService.java
262     0       server/src/main/java/datart/server/service/impl/CacheServiceImpl.java
1460    0       server/src/main/java/datart/server/service/impl/DataModelServiceImpl.java
700     0       server/src/main/java/datart/server/service/impl/DimensionDefinitionServiceImpl.java
462     0       server/src/main/java/datart/server/service/impl/DimensionTableServiceImpl.java
939     0       server/src/main/java/datart/server/service/impl/FactTableServiceImpl.java
478     0       server/src/main/java/datart/server/service/impl/ImportExportServiceImpl.java
238     0       server/src/main/java/datart/server/service/impl/MetricCacheHelper.java
1007    0       server/src/main/java/datart/server/service/impl/MetricConfigurationServiceImpl.java
427     0       server/src/main/java/datart/server/service/impl/MetricDefinitionServiceImpl.java
353     0       server/src/main/java/datart/server/service/impl/MetricModelServiceImpl.java
110     0       server/src/main/resources/application-config.yml
5       5       server/src/main/resources/application-demo.yml
36      7       server/src/main/resources/application.yml
529     0       server/src/main/resources/db/migration/V2024.01.16__metric_management_extension.sql
58      0       server/src/main/resources/db/migration/V2024.01.17__metric_configuration_table.sql
35      0       server/src/main/resources/db/migration/V2024.01.18__import_export_template_table.sql
39      0       server/src/main/resources/db/migration/V2024.01.19__import_export_task_table.sql
220     0       server/src/main/resources/db/migration/V2024.01.20__performance_optimization.sql
251     0       server/src/test/java/datart/server/mapper/DimensionMapperTest.java
~
~
~
~
~
~
